\BOOKMARK [0][-]{section*.1}{Abstract}{}% 1
\BOOKMARK [0][-]{chapter.4}{Introduction}{}% 2
\BOOKMARK [1][-]{section.5}{Motivation}{chapter.4}% 3
\BOOKMARK [1][-]{section.6}{What\040is\040dynein?}{chapter.4}% 4
\BOOKMARK [2][-]{subsection.7}{Basics}{section.6}% 5
\BOOKMARK [2][-]{subsection.9}{Why\040do\040cells\040need\040motor\040transport?}{section.6}% 6
\BOOKMARK [2][-]{subsection.11}{What\040role\040does\040dynein\040play\040in\040the\040cell?}{section.6}% 7
\BOOKMARK [2][-]{subsection.13}{Dynein\040structure}{section.6}% 8
\BOOKMARK [2][-]{subsection.15}{Why\040is\040dynein\040interesting?}{section.6}% 9
\BOOKMARK [1][-]{section.18}{Dynein\040Stepping\040Background}{chapter.4}% 10
\BOOKMARK [2][-]{subsection.19}{ATP\040cycle\040influences\040conformational\040state}{section.18}% 11
\BOOKMARK [2][-]{subsection.21}{Microtubule\040and\040nucleotide\040states\040are\040coupled}{section.18}% 12
\BOOKMARK [1][-]{section.22}{Cianfrocco\040model\040for\040dynein\040stepping}{chapter.4}% 13
\BOOKMARK [1][-]{section.24}{Testing\040the\040Cianfrocco\040model}{chapter.4}% 14
\BOOKMARK [2][-]{subsection.25}{Computational\040approach}{section.24}% 15
\BOOKMARK [2][-]{subsection.26}{Questions\040to\040answer}{section.24}% 16
\BOOKMARK [0][-]{chapter.27}{Theory}{}% 17
\BOOKMARK [1][-]{section.28}{Model\040overview}{chapter.27}% 18
\BOOKMARK [2][-]{subsection.30}{Summary}{section.28}% 19
\BOOKMARK [1][-]{section.31}{Model\040assumptions}{chapter.27}% 20
\BOOKMARK [2][-]{subsection.32}{Spherical\040domains\040connected\040by\040massless\040rods}{section.31}% 21
\BOOKMARK [2][-]{subsection.34}{Rods\040connecting\040domains\040are\040rigid}{section.31}% 22
\BOOKMARK [2][-]{subsection.35}{Angular\040springs}{section.31}% 23
\BOOKMARK [2][-]{subsection.38}{Two-state\040model}{section.31}% 24
\BOOKMARK [2][-]{subsection.39}{Transitioning\040between\040states}{section.31}% 25
\BOOKMARK [2][-]{subsection.44}{Brownian\040dynamics}{section.31}% 26
\BOOKMARK [2][-]{subsection.47}{Binding\040to\040microtubule}{section.31}% 27
\BOOKMARK [2][-]{subsection.48}{2D\040model}{section.31}% 28
\BOOKMARK [1][-]{section.49}{Deriving\040motion\040equations}{chapter.27}% 29
\BOOKMARK [2][-]{subsection.51}{Prestroke\040onebound\040model}{section.49}% 30
\BOOKMARK [3][-]{section*.53}{Onebound\040velocity\040calculations}{subsection.51}% 31
\BOOKMARK [2][-]{subsection.73}{Poststroke\040bothbound\040model}{section.49}% 32
\BOOKMARK [3][-]{section*.75}{Bothbound\040velocity\040calculations}{subsection.73}% 33
\BOOKMARK [0][-]{chapter.98}{Methods}{}% 34
\BOOKMARK [1][-]{section.99}{Simulation}{chapter.98}% 35
\BOOKMARK [2][-]{subsection.100}{Time\040evolution}{section.99}% 36
\BOOKMARK [2][-]{subsection.117}{Transitioning\040between\040states}{section.99}% 37
\BOOKMARK [3][-]{section*.118}{Transition\040rate}{subsection.117}% 38
\BOOKMARK [3][-]{section*.119}{Onebound\040to\040bothbound\040transition\040calculation}{subsection.117}% 39
\BOOKMARK [3][-]{section*.124}{Bothbound\040to\040onebound\040transition\040calculation}{subsection.117}% 40
\BOOKMARK [2][-]{subsection.129}{Calculating\040forces}{section.99}% 41
\BOOKMARK [1][-]{section.146}{Verifying\040the\040model}{chapter.98}% 42
\BOOKMARK [2][-]{subsection.147}{Energy\040conservation}{section.146}% 43
\BOOKMARK [2][-]{subsection.149}{Equipartition\040theorem}{section.146}% 44
\BOOKMARK [1][-]{section.150}{Parameter\040fitting}{chapter.98}% 45
\BOOKMARK [0][-]{chapter.152}{Results\040&\040Discussion}{}% 46
\BOOKMARK [1][-]{section.153}{Model\040achieves\040processivity}{chapter.152}% 47
\BOOKMARK [1][-]{section.156}{Model\040step\040size\040is\040highly\040variant}{chapter.152}% 48
\BOOKMARK [0][-]{chapter.158}{Conclusion}{}% 49
\BOOKMARK [1][-]{section.159}{Findings}{chapter.158}% 50
\BOOKMARK [1][-]{section.160}{Further\040work}{chapter.158}% 51
\BOOKMARK [2][-]{subsection.161}{Experimental\040validation}{section.160}% 52
\BOOKMARK [2][-]{subsection.162}{Further\040questions}{section.160}% 53
\BOOKMARK [2][-]{subsection.163}{The\040future\040of\040dynein\040research}{section.160}% 54
\BOOKMARK [0][-]{appendix.164}{Onebound\040equations}{}% 55
\BOOKMARK [0][-]{appendix.165}{Bothbound\040equations}{}% 56
\BOOKMARK [0][-]{appendix.166}{Conformational\040tests}{}% 57
\BOOKMARK [0][-]{appendix*.167}{Bibliography}{}% 58
